# JRE version: Java(TM) 2 Runtime Environment, Standard Edition (8.0_121-b13) (build 1.8.0_121-b13 14_Feb_2017_06_58 Mac OS X x64(SR4 FP1))
# Java VM: Java HotSpot(TM) 64-Bit Server VM (25.121-b13 mixed mode bsd-amd64 compressed oops)
Heap:
 PSYoungGen      total 484864K, used 88947K [0x00000007a0000000, 0x00000007c0000000, 0x00000007c0000000)
  eden space 448512K, 17% used [0x00000007a0000000,0x00000007a4ddf0d0,0x00000007bb600000)
  from space 36352K, 25% used [0x00000007bd900000,0x00000007be1fdc50,0x00000007bfc80000)
  to   space 35840K, 0% used [0x00000007bb600000,0x00000007bb600000,0x00000007bd900000)
 ParOldGen       total 186368K, used 165945K [0x0000000760000000, 0x000000076b600000, 0x00000007a0000000)
  object space 186368K, 89% used [0x0000000760000000,0x000000076a20e760,0x000000076b600000)
 Metaspace       used 64220K, capacity 64956K, committed 65200K, reserved 1105920K
  class space    used 9195K, capacity 9328K, committed 9392K, reserved 1048576K
GC Heap History (10 events):
Event: 92697.154 GC heap before
{Heap before GC invocations=486 (full 119):
 PSYoungGen      total 484352K, used 467556K [0x00000007a0000000, 0x00000007bff00000, 0x00000007c0000000)
  eden space 446464K, 100% used [0x00000007a0000000,0x00000007bb400000,0x00000007bb400000)
  from space 37888K, 55% used [0x00000007bda00000,0x00000007bee99300,0x00000007bff00000)
  to   space 38400K, 0% used [0x00000007bb400000,0x00000007bb400000,0x00000007bd980000)
 ParOldGen       total 186368K, used 155183K [0x0000000760000000, 0x000000076b600000, 0x00000007a0000000)
  object space 186368K, 83% used [0x0000000760000000,0x000000076978bdb8,0x000000076b600000)
 Metaspace       used 63860K, capacity 64582K, committed 64944K, reserved 1105920K
  class space    used 9119K, capacity 9271K, committed 9392K, reserved 1048576K
Event: 92697.170 GC heap after
Heap after GC invocations=486 (full 119):
 PSYoungGen      total 484864K, used 21156K [0x00000007a0000000, 0x00000007bff80000, 0x00000007c0000000)
  eden space 446464K, 0% used [0x00000007a0000000,0x00000007a0000000,0x00000007bb400000)
  from space 38400K, 55% used [0x00000007bb400000,0x00000007bc8a9300,0x00000007bd980000)
  to   space 37888K, 0% used [0x00000007bda80000,0x00000007bda80000,0x00000007bff80000)
 ParOldGen       total 186368K, used 155183K [0x0000000760000000, 0x000000076b600000, 0x00000007a0000000)
  object space 186368K, 83% used [0x0000000760000000,0x000000076978bdb8,0x000000076b600000)
 Metaspace       used 63860K, capacity 64582K, committed 64944K, reserved 1105920K
  class space    used 9119K, capacity 9271K, committed 9392K, reserved 1048576K
}
Event: 92698.552 GC heap before
{Heap before GC invocations=487 (full 119):
 PSYoungGen      total 484864K, used 467620K [0x00000007a0000000, 0x00000007bff80000, 0x00000007c0000000)
  eden space 446464K, 100% used [0x00000007a0000000,0x00000007bb400000,0x00000007bb400000)
  from space 38400K, 55% used [0x00000007bb400000,0x00000007bc8a9300,0x00000007bd980000)
  to   space 37888K, 0% used [0x00000007bda80000,0x00000007bda80000,0x00000007bff80000)
 ParOldGen       total 186368K, used 155183K [0x0000000760000000, 0x000000076b600000, 0x00000007a0000000)
  object space 186368K, 83% used [0x0000000760000000,0x000000076978bdb8,0x000000076b600000)
 Metaspace       used 63860K, capacity 64582K, committed 64944K, reserved 1105920K
  class space    used 9119K, capacity 9271K, committed 9392K, reserved 1048576K
Event: 92698.568 GC heap after
Heap after GC invocations=487 (full 119):
 PSYoungGen      total 485888K, used 21187K [0x00000007a0000000, 0x00000007bff80000, 0x00000007c0000000)
  eden space 448000K, 0% used [0x00000007a0000000,0x00000007a0000000,0x00000007bb580000)
  from space 37888K, 55% used [0x00000007bda80000,0x00000007bef30d20,0x00000007bff80000)
  to   space 37888K, 0% used [0x00000007bb580000,0x00000007bb580000,0x00000007bda80000)
 ParOldGen       total 186368K, used 155183K [0x0000000760000000, 0x000000076b600000, 0x00000007a0000000)
  object space 186368K, 83% used [0x0000000760000000,0x000000076978bdb8,0x000000076b600000)
 Metaspace       used 63860K, capacity 64582K, committed 64944K, reserved 1105920K
  class space    used 9119K, capacity 9271K, committed 9392K, reserved 1048576K
}
Event: 92699.029 GC heap before
{Heap before GC invocations=488 (full 119):
 PSYoungGen      total 485888K, used 188135K [0x00000007a0000000, 0x00000007bff80000, 0x00000007c0000000)
  eden space 448000K, 37% used [0x00000007a0000000,0x00000007aa308fa8,0x00000007bb580000)
  from space 37888K, 55% used [0x00000007bda80000,0x00000007bef30d20,0x00000007bff80000)
  to   space 37888K, 0% used [0x00000007bb580000,0x00000007bb580000,0x00000007bda80000)
 ParOldGen       total 186368K, used 155183K [0x0000000760000000, 0x000000076b600000, 0x00000007a0000000)
  object space 186368K, 83% used [0x0000000760000000,0x000000076978bdb8,0x000000076b600000)
 Metaspace       used 63984K, capacity 64790K, committed 65200K, reserved 1105920K
  class space    used 9132K, capacity 9295K, committed 9392K, reserved 1048576K
Event: 92699.041 GC heap after
Heap after GC invocations=488 (full 119):
 PSYoungGen      total 467456K, used 19074K [0x00000007a0000000, 0x00000007bfc80000, 0x00000007c0000000)
  eden space 448000K, 0% used [0x00000007a0000000,0x00000007a0000000,0x00000007bb580000)
  from space 19456K, 98% used [0x00000007bb580000,0x00000007bc820a30,0x00000007bc880000)
  to   space 36352K, 0% used [0x00000007bd900000,0x00000007bd900000,0x00000007bfc80000)
 ParOldGen       total 186368K, used 155191K [0x0000000760000000, 0x000000076b600000, 0x00000007a0000000)
  object space 186368K, 83% used [0x0000000760000000,0x000000076978ddb8,0x000000076b600000)
 Metaspace       used 63984K, capacity 64790K, committed 65200K, reserved 1105920K
  class space    used 9132K, capacity 9295K, committed 9392K, reserved 1048576K
}
Event: 92699.041 GC heap before
{Heap before GC invocations=489 (full 120):
 PSYoungGen      total 467456K, used 19074K [0x00000007a0000000, 0x00000007bfc80000, 0x00000007c0000000)
  eden space 448000K, 0% used [0x00000007a0000000,0x00000007a0000000,0x00000007bb580000)
  from space 19456K, 98% used [0x00000007bb580000,0x00000007bc820a30,0x00000007bc880000)
  to   space 36352K, 0% used [0x00000007bd900000,0x00000007bd900000,0x00000007bfc80000)
 ParOldGen       total 186368K, used 155191K [0x0000000760000000, 0x000000076b600000, 0x00000007a0000000)
  object space 186368K, 83% used [0x0000000760000000,0x000000076978ddb8,0x000000076b600000)
 Metaspace       used 63984K, capacity 64790K, committed 65200K, reserved 1105920K
  class space    used 9132K, capacity 9295K, committed 9392K, reserved 1048576K
Event: 92699.505 GC heap after
Heap after GC invocations=489 (full 120):
 PSYoungGen      total 467456K, used 0K [0x00000007a0000000, 0x00000007bfc80000, 0x00000007c0000000)
  eden space 448000K, 0% used [0x00000007a0000000,0x00000007a0000000,0x00000007bb580000)
  from space 19456K, 0% used [0x00000007bb580000,0x00000007bb580000,0x00000007bc880000)
  to   space 36352K, 0% used [0x00000007bd900000,0x00000007bd900000,0x00000007bfc80000)
 ParOldGen       total 186368K, used 165945K [0x0000000760000000, 0x000000076b600000, 0x00000007a0000000)
  object space 186368K, 89% used [0x0000000760000000,0x000000076a20e760,0x000000076b600000)
 Metaspace       used 63984K, capacity 64790K, committed 65200K, reserved 1105920K
  class space    used 9132K, capacity 9295K, committed 9392K, reserved 1048576K
}
Event: 104574.218 GC heap before
{Heap before GC invocations=490 (full 120):
 PSYoungGen      total 467456K, used 448000K [0x00000007a0000000, 0x00000007bfc80000, 0x00000007c0000000)
  eden space 448000K, 100% used [0x00000007a0000000,0x00000007bb580000,0x00000007bb580000)
  from space 19456K, 0% used [0x00000007bb580000,0x00000007bb580000,0x00000007bc880000)
  to   space 36352K, 0% used [0x00000007bd900000,0x00000007bd900000,0x00000007bfc80000)
 ParOldGen       total 186368K, used 165945K [0x0000000760000000, 0x000000076b600000, 0x00000007a0000000)
  object space 186368K, 89% used [0x0000000760000000,0x000000076a20e760,0x000000076b600000)
 Metaspace       used 64174K, capacity 64956K, committed 65200K, reserved 1105920K
  class space    used 9190K, capacity 9328K, committed 9392K, reserved 1048576K
Event: 104575.370 GC heap after
Heap after GC invocations=490 (full 120):
 PSYoungGen      total 484864K, used 9207K [0x00000007a0000000, 0x00000007c0000000, 0x00000007c0000000)
  eden space 448512K, 0% used [0x00000007a0000000,0x00000007a0000000,0x00000007bb600000)
  from space 36352K, 25% used [0x00000007bd900000,0x00000007be1fdc50,0x00000007bfc80000)
  to   space 35840K, 0% used [0x00000007bb600000,0x00000007bb600000,0x00000007bd900000)
 ParOldGen       total 186368K, used 165945K [0x0000000760000000, 0x000000076b600000, 0x00000007a0000000)
  object space 186368K, 89% used [0x0000000760000000,0x000000076a20e760,0x000000076b600000)
 Metaspace       used 64174K, capacity 64956K, committed 65200K, reserved 1105920K
  class space    used 9190K, capacity 9328K, committed 9392K, reserved 1048576K
}

